{
  "RSpec": {
    "coverage": {
      "/Users/nikhilsharma/Desktop/Work/Curve Tomorrow/chess-RoR/board/app/channels/application_cable/channel.rb": [
        0,
        0,
        0,
        0
      ],
      "/Users/nikhilsharma/Desktop/Work/Curve Tomorrow/chess-RoR/board/app/channels/application_cable/connection.rb": [
        0,
        0,
        0,
        0
      ],
      "/Users/nikhilsharma/Desktop/Work/Curve Tomorrow/chess-RoR/board/app/controllers/application_controller.rb": [
        0,
        0
      ],
      "/Users/nikhilsharma/Desktop/Work/Curve Tomorrow/chess-RoR/board/app/controllers/board_controller.rb": [
        null,
        null,
        0,
        0,
        0,
        0,
        0,
        0,
        null,
        0,
        0,
        0,
        0,
        0,
        0,
        0,
        0,
        null,
        0,
        0,
        null,
        0,
        0,
        null,
        0,
        null,
        0,
        0,
        0,
        0,
        0,
        null,
        0,
        0,
        0,
        0,
        0,
        0,
        0,
        0,
        0,
        0,
        null,
        0,
        null,
        0,
        0,
        0,
        0,
        0,
        0,
        null,
        0,
        null,
        0,
        0,
        0,
        0,
        0,
        null,
        0,
        0,
        0,
        0,
        0,
        null,
        0,
        null,
        null,
        0,
        0,
        0,
        0,
        0,
        0,
        0,
        0,
        0,
        0,
        0,
        0,
        null,
        0,
        0,
        0,
        0,
        0,
        0,
        null,
        0,
        0,
        0,
        0,
        0,
        0,
        0,
        null,
        null,
        null,
        0,
        null,
        0,
        0,
        0,
        0,
        null,
        0,
        0,
        0,
        0,
        0,
        0,
        0,
        null,
        0,
        0,
        null,
        0,
        0,
        0,
        null,
        0,
        0,
        0,
        null,
        null,
        null,
        null,
        null,
        null,
        null,
        null,
        null,
        null,
        null,
        null,
        0
      ],
      "/Users/nikhilsharma/Desktop/Work/Curve Tomorrow/chess-RoR/board/app/controllers/pawn_controller.rb": [
        0,
        0,
        0,
        0
      ],
      "/Users/nikhilsharma/Desktop/Work/Curve Tomorrow/chess-RoR/board/app/controllers/piece_controller.rb": [
        0,
        0
      ],
      "/Users/nikhilsharma/Desktop/Work/Curve Tomorrow/chess-RoR/board/app/helpers/board_helper.rb": [
        0,
        0
      ],
      "/Users/nikhilsharma/Desktop/Work/Curve Tomorrow/chess-RoR/board/app/helpers/pawn_helper.rb": [
        0,
        0
      ],
      "/Users/nikhilsharma/Desktop/Work/Curve Tomorrow/chess-RoR/board/app/helpers/piece_helper.rb": [
        0,
        0
      ],
      "/Users/nikhilsharma/Desktop/Work/Curve Tomorrow/chess-RoR/board/app/jobs/application_job.rb": [
        0,
        null,
        null,
        null,
        null,
        null,
        0
      ],
      "/Users/nikhilsharma/Desktop/Work/Curve Tomorrow/chess-RoR/board/app/mailers/application_mailer.rb": [
        0,
        0,
        0,
        0
      ],
      "/Users/nikhilsharma/Desktop/Work/Curve Tomorrow/chess-RoR/board/app/models/application_record.rb": [
        0,
        0,
        0
      ],
      "/Users/nikhilsharma/Desktop/Work/Curve Tomorrow/chess-RoR/board/app/models/board.rb": [
        null,
        null,
        0,
        0,
        0,
        null,
        0,
        0,
        0,
        0,
        0,
        0,
        0,
        0,
        null,
        0,
        0,
        null,
        0,
        0,
        null,
        0,
        null
      ],
      "/Users/nikhilsharma/Desktop/Work/Curve Tomorrow/chess-RoR/board/app/models/pawn.rb": [
        0,
        null,
        0,
        0,
        null,
        0,
        0,
        0,
        0,
        0,
        null,
        0,
        0,
        null,
        0,
        0,
        null,
        0,
        null,
        0,
        0,
        null,
        0,
        0,
        null,
        0,
        null,
        0,
        null,
        0,
        null,
        0,
        null,
        0,
        0,
        null,
        0,
        0,
        null,
        0,
        null,
        0,
        null,
        0,
        0,
        null,
        0,
        0,
        0,
        0,
        0,
        null,
        0,
        0,
        null,
        0,
        0,
        0,
        0,
        0,
        null,
        0,
        0,
        null,
        0,
        null,
        0,
        null,
        0,
        null,
        0,
        0,
        0,
        0,
        0,
        0,
        0,
        0,
        0,
        0,
        null
      ],
      "/Users/nikhilsharma/Desktop/Work/Curve Tomorrow/chess-RoR/board/app/models/piece.rb": [
        0,
        0,
        0,
        null,
        null,
        null,
        null,
        null,
        null,
        null,
        null,
        null,
        null,
        0,
        0,
        0,
        0,
        null,
        null,
        null,
        null,
        null,
        null,
        null,
        null,
        0,
        0,
        0,
        null,
        0,
        0,
        0,
        null,
        0,
        null,
        0,
        null,
        0,
        null,
        0,
        null,
        0,
        null,
        0,
        0,
        null,
        0,
        0,
        0,
        0,
        0,
        0,
        0,
        null,
        0,
        0,
        0,
        0,
        0,
        0,
        null,
        0,
        null,
        0,
        0,
        0,
        null,
        0,
        null,
        0,
        0,
        0,
        0,
        0,
        0,
        0,
        null,
        null,
        null,
        0
      ]
    },
    "timestamp": 1626868875
  }
}
